0 info it worked if it ends with ok
1 verbose cli [ 'C:\\Program Files\\nodejs\\node.exe',
1 verbose cli   'C:\\Program Files\\nodejs\\node_modules\\npm\\bin\\npm-cli.js',
1 verbose cli   'publish' ]
2 info using npm@3.10.10
3 info using node@v6.10.3
4 verbose publish [ '.' ]
5 silly cache add args [ '.', null ]
6 verbose cache add spec .
7 silly cache add parsed spec Result {
7 silly cache add   raw: '.',
7 silly cache add   scope: null,
7 silly cache add   escapedName: null,
7 silly cache add   name: null,
7 silly cache add   rawSpec: '.',
7 silly cache add   spec: 'D:\\Object\\Git\\me\\Vue-Alert',
7 silly cache add   type: 'directory' }
8 verbose addLocalDirectory C:\Program Files\nodejs\node_cache\vue-alert\1.0.1\package.tgz not in flight; packing
9 verbose correctMkdir C:\Program Files\nodejs\node_cache correctMkdir not in flight; initializing
10 error addLocal Could not install D:\Object\Git\me\Vue-Alert
11 verbose stack Error: EPERM: operation not permitted, mkdir 'C:\Program Files\nodejs\node_cache\vue-alert'
11 verbose stack     at Error (native)
12 verbose cwd D:\Object\Git\me\Vue-Alert
13 error Windows_NT 10.0.14393
14 error argv "C:\\Program Files\\nodejs\\node.exe" "C:\\Program Files\\nodejs\\node_modules\\npm\\bin\\npm-cli.js" "publish"
15 error node v6.10.3
16 error npm  v3.10.10
17 error path C:\Program Files\nodejs\node_cache\vue-alert
18 error code EPERM
19 error errno -4048
20 error syscall mkdir
21 error Error: EPERM: operation not permitted, mkdir 'C:\Program Files\nodejs\node_cache\vue-alert'
21 error     at Error (native)
21 error  { Error: EPERM: operation not permitted, mkdir 'C:\Program Files\nodejs\node_cache\vue-alert'
21 error     at Error (native)
21 error   errno: -4048,
21 error   code: 'EPERM',
21 error   syscall: 'mkdir',
21 error   path: 'C:\\Program Files\\nodejs\\node_cache\\vue-alert' }
22 error Please try running this command again as root/Administrator.
23 verbose exit [ -4048, true ]
